[debug] [2025-07-14T01:46:31.226Z] ----------------------------------------------------------------------
[debug] [2025-07-14T01:46:31.238Z] Command:       C:\Program Files\nodejs\node.exe C:\Users\Mizeri jiwu\AppData\Roaming\npm\node_modules\firebase-tools\lib\bin\firebase.js functions:config:set twilio.sid=YOUR_TWILIO_SID twilio.token=YOUR_TWILIO_AUTH_TOKEN twilio.from=YOUR_TWILIO_PHONE_NUMBER
[debug] [2025-07-14T01:46:31.240Z] CLI Version:   14.9.0
[debug] [2025-07-14T01:46:31.240Z] Platform:      win32
[debug] [2025-07-14T01:46:31.241Z] Node Version:  v22.17.0
[debug] [2025-07-14T01:46:31.242Z] Time:          Mon Jul 14 2025 09:46:31 GMT+0800 (Taiwan Standard Time)
[debug] [2025-07-14T01:46:31.242Z] ----------------------------------------------------------------------
[debug] 
[debug] [2025-07-14T01:46:32.298Z] > command requires scopes: ["email","openid","https://www.googleapis.com/auth/cloudplatformprojects.readonly","https://www.googleapis.com/auth/firebase","https://www.googleapis.com/auth/cloud-platform"]
[debug] [2025-07-14T01:46:32.309Z] > authorizing via signed-in user (martincajurao@gmail.com)
[debug] [2025-07-14T01:46:32.310Z] [iam] checking project postres-c30e4 for permissions ["firebase.projects.get","runtimeconfig.configs.create","runtimeconfig.configs.delete","runtimeconfig.configs.get","runtimeconfig.configs.list","runtimeconfig.configs.update","runtimeconfig.variables.create","runtimeconfig.variables.delete","runtimeconfig.variables.get","runtimeconfig.variables.list","runtimeconfig.variables.update"]
[debug] [2025-07-14T01:46:32.313Z] Checked if tokens are valid: false, expires at: 1752402956401
[debug] [2025-07-14T01:46:32.314Z] Checked if tokens are valid: false, expires at: 1752402956401
[debug] [2025-07-14T01:46:32.314Z] > refreshing access token with scopes: []
[debug] [2025-07-14T01:46:32.321Z] >>> [apiv2][query] POST https://www.googleapis.com/oauth2/v3/token [none]
[debug] [2025-07-14T01:46:32.321Z] >>> [apiv2][body] POST https://www.googleapis.com/oauth2/v3/token [omitted]
[debug] [2025-07-14T01:46:32.812Z] <<< [apiv2][status] POST https://www.googleapis.com/oauth2/v3/token 200
[debug] [2025-07-14T01:46:32.812Z] <<< [apiv2][body] POST https://www.googleapis.com/oauth2/v3/token [omitted]
[debug] [2025-07-14T01:46:32.823Z] >>> [apiv2][query] POST https://cloudresourcemanager.googleapis.com/v1/projects/postres-c30e4:testIamPermissions [none]
[debug] [2025-07-14T01:46:32.823Z] >>> [apiv2][(partial)header] POST https://cloudresourcemanager.googleapis.com/v1/projects/postres-c30e4:testIamPermissions x-goog-quota-user=projects/postres-c30e4
[debug] [2025-07-14T01:46:32.824Z] >>> [apiv2][body] POST https://cloudresourcemanager.googleapis.com/v1/projects/postres-c30e4:testIamPermissions {"permissions":["firebase.projects.get","runtimeconfig.configs.create","runtimeconfig.configs.delete","runtimeconfig.configs.get","runtimeconfig.configs.list","runtimeconfig.configs.update","runtimeconfig.variables.create","runtimeconfig.variables.delete","runtimeconfig.variables.get","runtimeconfig.variables.list","runtimeconfig.variables.update"]}
[debug] [2025-07-14T01:46:37.146Z] <<< [apiv2][status] POST https://cloudresourcemanager.googleapis.com/v1/projects/postres-c30e4:testIamPermissions 200
[debug] [2025-07-14T01:46:37.147Z] <<< [apiv2][body] POST https://cloudresourcemanager.googleapis.com/v1/projects/postres-c30e4:testIamPermissions {"permissions":["firebase.projects.get","runtimeconfig.configs.create","runtimeconfig.configs.delete","runtimeconfig.configs.get","runtimeconfig.configs.list","runtimeconfig.configs.update","runtimeconfig.variables.create","runtimeconfig.variables.delete","runtimeconfig.variables.get","runtimeconfig.variables.list","runtimeconfig.variables.update"]}
[debug] [2025-07-14T01:46:37.151Z] Checked if tokens are valid: true, expires at: 1752461191812
[debug] [2025-07-14T01:46:37.152Z] Checked if tokens are valid: true, expires at: 1752461191812
[debug] [2025-07-14T01:46:37.152Z] >>> [apiv2][query] GET https://serviceusage.googleapis.com/v1/projects/postres-c30e4/services/runtimeconfig.googleapis.com [none]
[debug] [2025-07-14T01:46:37.153Z] >>> [apiv2][(partial)header] GET https://serviceusage.googleapis.com/v1/projects/postres-c30e4/services/runtimeconfig.googleapis.com x-goog-quota-user=projects/postres-c30e4
[debug] [2025-07-14T01:46:49.515Z] <<< [apiv2][status] GET https://serviceusage.googleapis.com/v1/projects/postres-c30e4/services/runtimeconfig.googleapis.com 200
[debug] [2025-07-14T01:46:49.516Z] <<< [apiv2][body] GET https://serviceusage.googleapis.com/v1/projects/postres-c30e4/services/runtimeconfig.googleapis.com [omitted]
[debug] [2025-07-14T01:46:49.523Z] Checked if tokens are valid: true, expires at: 1752461191812
[debug] [2025-07-14T01:46:49.523Z] Checked if tokens are valid: true, expires at: 1752461191812
[debug] [2025-07-14T01:46:49.524Z] Checked if tokens are valid: true, expires at: 1752461191812
[debug] [2025-07-14T01:46:49.524Z] Checked if tokens are valid: true, expires at: 1752461191812
[debug] [2025-07-14T01:46:49.524Z] Checked if tokens are valid: true, expires at: 1752461191812
[debug] [2025-07-14T01:46:49.524Z] Checked if tokens are valid: true, expires at: 1752461191812
[debug] [2025-07-14T01:46:49.524Z] >>> [apiv2][query] GET https://runtimeconfig.googleapis.com/v1beta1/projects/postres-c30e4/configs/twilio/variables/sid [none]
[debug] [2025-07-14T01:46:49.527Z] >>> [apiv2][query] GET https://runtimeconfig.googleapis.com/v1beta1/projects/postres-c30e4/configs/twilio/variables/token [none]
[debug] [2025-07-14T01:46:49.529Z] >>> [apiv2][query] GET https://runtimeconfig.googleapis.com/v1beta1/projects/postres-c30e4/configs/twilio/variables/from [none]
